<?xml version="1.0" encoding="UTF-8"?>
<!-- Generated by org.testng.reporters.JUnitReportReporter -->
<testsuite hostname="DESKTOP-J0IEVFN" failures="0" tests="1" name="FB_TestCases.Keyword_Engine_Test" time="12.601" errors="0" timestamp="2022-07-20T20:29:01 IST" skipped="0">
  <testcase classname="FB_TestCases.Keyword_Engine_Test" name="startExecutions_Test" time="12.601"/>
  <system-out/>
</testsuite> <!-- FB_TestCases.Keyword_Engine_Test -->
